<?xml version="1.0" encoding="UTF-8"?>
<!-- Generated by org.testng.reporters.JUnitReportReporter -->
<testsuite hostname="FIS-64" failures="0" tests="6" name="full_tests.FullProductPurchasePOMTest" time="3.432" errors="0" timestamp="2022-09-15T16:52:57 EET" skipped="0">
  <testcase classname="full_tests.FullProductPurchasePOMTest" name="userCanConfirmPurchase" time="0.090"/>
  <system-out/>
  <testcase classname="full_tests.FullProductPurchasePOMTest" name="userCanCheckOut" time="0.068"/>
  <system-out/>
  <testcase classname="full_tests.FullProductPurchasePOMTest" name="userCanEnterCheckoutInfo" time="0.386"/>
  <system-out/>
  <testcase classname="full_tests.FullProductPurchasePOMTest" name="userCanNavigateToCart" time="0.449"/>
  <system-out/>
  <testcase classname="full_tests.FullProductPurchasePOMTest" name="userCanAddProductToCart" time="2.019"/>
  <system-out/>
  <testcase classname="full_tests.FullProductPurchasePOMTest" name="userCanLoginSuccessfully" time="0.420"/>
  <system-out/>
</testsuite> <!-- full_tests.FullProductPurchasePOMTest -->
