<?xml version="1.0" encoding="UTF-8"?>
<!-- Generated by org.testng.reporters.JUnitReportReporter -->
<testsuite hostname="Nagham" failures="0" tests="1" name="tests.CheckoutTest" time="0.645" errors="0" timestamp="2022-09-15T17:17:31 EET" skipped="0">
  <testcase classname="tests.CheckoutTest" name="userCanEnterCheckoutInfo" time="0.645"/>
  <system-out/>
</testsuite> <!-- tests.CheckoutTest -->
