<?xml version="1.0" encoding="UTF-8"?>
<!-- Generated by org.testng.reporters.JUnitReportReporter -->
<testsuite hostname="Nagham" failures="0" tests="1" name="tests.CartTest" time="0.152" errors="0" timestamp="2022-09-15T17:17:31 EET" skipped="0">
  <testcase classname="tests.CartTest" name="userCanCheckOut" time="0.152"/>
  <system-out/>
</testsuite> <!-- tests.CartTest -->
