<?xml version="1.0" encoding="UTF-8"?>
<!-- Generated by org.testng.reporters.JUnitReportReporter -->
<testsuite hostname="Nagham" failures="0" tests="1" name="tests.FullProductPurchaseTest" time="0.363" errors="0" timestamp="15 Sep 2022 14:17:39 GMT" skipped="0">
  <testcase classname="tests.FullProductPurchaseTest" name="userCanLoginSuccessfully" time="0.363"/>
</testsuite> <!-- tests.FullProductPurchaseTest -->
