<?xml version="1.0" encoding="UTF-8"?>
<!-- Generated by org.testng.reporters.JUnitReportReporter -->
<testsuite hostname="Nagham" failures="0" tests="6" name="tests.productPurchaseTest" time="0.767" errors="0" timestamp="2022-09-15T12:26:57 EET" skipped="0">
  <testcase classname="tests.productPurchaseTest" name="userCanNavigateToCart" time="0.052"/>
  <system-out/>
  <testcase classname="tests.productPurchaseTest" name="userCanEnterCheckoutInfo" time="0.257"/>
  <system-out/>
  <testcase classname="tests.productPurchaseTest" name="userCanCheckOut" time="0.053"/>
  <system-out/>
  <testcase classname="tests.productPurchaseTest" name="userCanAddProductToCart" time="0.071"/>
  <system-out/>
  <testcase classname="tests.productPurchaseTest" name="userCanConfirmPurchase" time="0.078"/>
  <system-out/>
  <testcase classname="tests.productPurchaseTest" name="userCanLoginSuccessfully" time="0.256"/>
  <system-out/>
</testsuite> <!-- tests.productPurchaseTest -->
