<?xml version="1.0" encoding="UTF-8"?>
<!-- Generated by org.testng.reporters.JUnitReportReporter -->
<testsuite hostname="Nagham" failures="0" tests="1" name="tests.ConfirmPurchaseTest" time="0.156" errors="0" timestamp="2022-09-15T17:17:31 EET" skipped="0">
  <testcase classname="tests.ConfirmPurchaseTest" name="userCanConfirmPurchase" time="0.156"/>
  <system-out/>
</testsuite> <!-- tests.ConfirmPurchaseTest -->
