<?xml version="1.0" encoding="UTF-8"?>
<!-- Generated by org.testng.reporters.JUnitReportReporter -->
<testsuite hostname="Nagham" failures="0" tests="1" name="tests.LoginTest" time="0.701" errors="0" timestamp="2022-09-15T17:17:31 EET" skipped="0">
  <testcase classname="tests.LoginTest" name="userCanLoginSuccessfully" time="0.701"/>
  <system-out/>
</testsuite> <!-- tests.LoginTest -->
