<?xml version="1.0" encoding="UTF-8"?>
<!-- Generated by org.testng.reporters.JUnitReportReporter -->
<testsuite hostname="Nagham" failures="0" tests="2" name="tests.ProductsTest" time="0.305" errors="0" timestamp="2022-09-15T17:17:31 EET" skipped="0">
  <testcase classname="tests.ProductsTest" name="userCanNavigateToCart" time="0.098"/>
  <system-out/>
  <testcase classname="tests.ProductsTest" name="userCanAddProductToCart" time="0.207"/>
  <system-out/>
</testsuite> <!-- tests.ProductsTest -->
